<?xml version="1.0" encoding="UTF-8"?>
<!-- Generated by org.testng.reporters.JUnitReportReporter -->
<testsuite hostname="DESKTOP-7RQ3IE8" failures="0" tests="1" name="com.herokuapp.theinternet.PositiveTests" time="8.390" errors="0" timestamp="04 mar 2022 02:59:59 GMT" skipped="0">
  <testcase classname="com.herokuapp.theinternet.PositiveTests" name="loginTest" time="8.390"/>
</testsuite> <!-- com.herokuapp.theinternet.PositiveTests -->
